2024-10-29 00:34:05 WARN  TestNGContentHandler:133 -
			It is strongly recommended to add "<!DOCTYPE suite SYSTEM "https://testng.org/testng-1.1.dtd" >" at the top of the suite file [C:\Users\2361446\eclipse-workspace\Opencart\master.xml] otherwise TestNG may fail or not work as expected.
2024-10-29 00:42:16 WARN  TestNGContentHandler:133 -
			It is strongly recommended to add "<!DOCTYPE suite SYSTEM "https://testng.org/testng-1.1.dtd" >" at the top of the suite file [C:\Users\2361446\eclipse-workspace\Opencart\master.xml] otherwise TestNG may fail or not work as expected.
2024-10-29 00:43:03 WARN  TestNGContentHandler:133 -
			It is strongly recommended to add "<!DOCTYPE suite SYSTEM "https://testng.org/testng-1.1.dtd" >" at the top of the suite file [C:\Users\2361446\eclipse-workspace\Opencart\master.xml] otherwise TestNG may fail or not work as expected.
2024-10-29 10:44:00 WARN  TestNGContentHandler:133 -
			It is strongly recommended to add "<!DOCTYPE suite SYSTEM "https://testng.org/testng-1.1.dtd" >" at the top of the suite file [C:\Users\2361446\eclipse-workspace\Opencart\master.xml] otherwise TestNG may fail or not work as expected.
2024-10-29 10:45:43 WARN  TestNGContentHandler:133 -
			It is strongly recommended to add "<!DOCTYPE suite SYSTEM "https://testng.org/testng-1.1.dtd" >" at the top of the suite file [C:\Users\2361446\eclipse-workspace\Opencart\master.xml] otherwise TestNG may fail or not work as expected.
2024-10-29 10:46:28 WARN  TestNGContentHandler:133 -
			It is strongly recommended to add "<!DOCTYPE suite SYSTEM "https://testng.org/testng-1.1.dtd" >" at the top of the suite file [C:\Users\2361446\eclipse-workspace\Opencart\master.xml] otherwise TestNG may fail or not work as expected.
2024-10-29 10:46:28 INFO  Utils:112 -
			[TestNG] Running:
  C:\Users\2361446\eclipse-workspace\Opencart\master.xml

2024-10-29 10:47:11 WARN  TestNGContentHandler:133 -
			It is strongly recommended to add "<!DOCTYPE suite SYSTEM "https://testng.org/testng-1.1.dtd" >" at the top of the suite file [C:\Users\2361446\eclipse-workspace\Opencart\master.xml] otherwise TestNG may fail or not work as expected.
2024-10-29 10:48:25 WARN  TestNGContentHandler:133 -
			It is strongly recommended to add "<!DOCTYPE suite SYSTEM "https://testng.org/testng-1.1.dtd" >" at the top of the suite file [C:\Users\2361446\eclipse-workspace\Opencart\master.xml] otherwise TestNG may fail or not work as expected.
2024-10-29 10:48:25 INFO  Utils:112 -
			[TestNG] Running:
  C:\Users\2361446\eclipse-workspace\Opencart\master.xml

2024-10-29 10:49:08 WARN  TestNGContentHandler:133 -
			It is strongly recommended to add "<!DOCTYPE suite SYSTEM "https://testng.org/testng-1.1.dtd" >" at the top of the suite file [C:\Users\2361446\eclipse-workspace\Opencart\master.xml] otherwise TestNG may fail or not work as expected.
2024-10-29 10:49:08 INFO  Utils:112 -
			[TestNG] Running:
  C:\Users\2361446\eclipse-workspace\Opencart\master.xml

2024-10-29 11:05:54 WARN  TestNGContentHandler:133 -
			It is strongly recommended to add "<!DOCTYPE suite SYSTEM "https://testng.org/testng-1.1.dtd" >" at the top of the suite file [C:\Users\2361446\eclipse-workspace\Opencart\master.xml] otherwise TestNG may fail or not work as expected.
2024-10-29 11:05:54 INFO  Utils:112 -
			[TestNG] Running:
  C:\Users\2361446\eclipse-workspace\Opencart\master.xml

2024-10-29 11:06:08 INFO  TC_001_AccountRegistrationTest:14 -
			***** Starting TC001_AccountRegistrationTest  ****
2024-10-29 11:06:08 INFO  TC_001_AccountRegistrationTest:19 -
			Clicked on MyAccount Link.. 
2024-10-29 11:06:11 INFO  TC_001_AccountRegistrationTest:22 -
			Clicked on Register Link.. 
2024-10-29 11:06:11 INFO  TC_001_AccountRegistrationTest:26 -
			Providing customer details...
2024-10-29 11:06:18 INFO  TC_001_AccountRegistrationTest:40 -
			Validating expected message..
2024-10-29 11:06:18 INFO  TC_001_AccountRegistrationTest:45 -
			Test passed
2024-10-29 11:06:18 INFO  TC_001_AccountRegistrationTest:50 -
			***** Finished TC001_AccountRegistrationTest *****
2024-10-29 11:06:58 WARN  TestNGContentHandler:133 -
			It is strongly recommended to add "<!DOCTYPE suite SYSTEM "https://testng.org/testng-1.1.dtd" >" at the top of the suite file [C:\Users\2361446\eclipse-workspace\Opencart\master.xml] otherwise TestNG may fail or not work as expected.
2024-10-29 11:06:58 INFO  Utils:112 -
			[TestNG] Running:
  C:\Users\2361446\eclipse-workspace\Opencart\master.xml

2024-10-29 11:07:13 INFO  TC_003_LoginDDT:23 -
			**** Starting TC_003_LoginDDT *****
2024-10-29 11:07:28 INFO  TC_003_LoginDDT:23 -
			**** Starting TC_003_LoginDDT *****
2024-10-29 11:07:36 INFO  TC_003_LoginDDT:23 -
			**** Starting TC_003_LoginDDT *****
2024-10-29 11:07:39 INFO  TC_003_LoginDDT:23 -
			**** Starting TC_003_LoginDDT *****
2024-10-29 11:07:56 INFO  TC_003_LoginDDT:63 -
			**** Finished TC_003_LoginDDT *****
2024-10-29 11:07:56 INFO  TC_003_LoginDDT:23 -
			**** Starting TC_003_LoginDDT *****
2024-10-29 11:08:00 INFO  TC_003_LoginDDT:63 -
			**** Finished TC_003_LoginDDT *****
2024-10-29 12:12:57 WARN  TestNGContentHandler:133 -
			It is strongly recommended to add "<!DOCTYPE suite SYSTEM "https://testng.org/testng-1.1.dtd" >" at the top of the suite file [C:\Users\2361446\eclipse-workspace\Opencart\master.xml] otherwise TestNG may fail or not work as expected.
2024-10-29 12:12:58 INFO  Utils:112 -
			[TestNG] Running:
  C:\Users\2361446\eclipse-workspace\Opencart\master.xml

2024-10-29 12:13:11 INFO  TC_003_LoginDDT:23 -
			**** Starting TC_003_LoginDDT *****
2024-10-29 12:13:22 INFO  TC_003_LoginDDT:23 -
			**** Starting TC_003_LoginDDT *****
2024-10-29 12:13:33 INFO  TC_003_LoginDDT:23 -
			**** Starting TC_003_LoginDDT *****
2024-10-29 12:13:39 INFO  TC_003_LoginDDT:23 -
			**** Starting TC_003_LoginDDT *****
2024-10-29 12:13:51 INFO  TC_003_LoginDDT:63 -
			**** Finished TC_003_LoginDDT *****
2024-10-29 12:13:51 INFO  TC_003_LoginDDT:23 -
			**** Starting TC_003_LoginDDT *****
2024-10-29 12:13:57 INFO  TC_003_LoginDDT:63 -
			**** Finished TC_003_LoginDDT *****
